STEP to UG
! INFO-     NX STEP AP203 - V12.0
! INFO-      
! INFO-     Start of Translation: 2-JUL-2021  1:49:37 PM
! INFO-      
! STATUS-   Converting Part: E:\Gsoc\02.07.2021\altavoz.step
! SUMMARY-   
! SUMMARY-    STEP Header Information
! SUMMARY-   
! SUMMARY-  Description      HOOPS Exchange Step
! SUMMARY-  Imp_Level        2;1
! SUMMARY-  File_Name        /private/var/mobile/Containers/Data/Application/48200BFF-9925-40FB-A719-4360515A80BC/tmp/export/temp_export
! SUMMARY-  Date             2021-07-02T13:47:38+02:00
! SUMMARY-  Author           mobile
! SUMMARY-  Organization     Shapr3D Limited
! SUMMARY-  Pre_Version      HOOPS Exchange 2021.1
! SUMMARY-  Orig_System      Shapr3D
! SUMMARY-  Authorization    Authorized
! SUMMARY-  Schema_ID        ap203_configuration_controlled_3d_design_of_mechanical_parts_and_assemblies_mim_lf
! SUMMARY-   
! SUMMARY-    Summary of STEP Entities
! SUMMARY-   
! SUMMARY-  Entity Type                                                   Count
! SUMMARY-  -----------                                                   ------
! SUMMARY-  advanced_face ..............................................:     30
! SUMMARY-  application_context ........................................:      1
! SUMMARY-  axis2_placement_3d .........................................:     65
! SUMMARY-  b_spline_curve_with_knots ..................................:      1
! SUMMARY-  b_spline_surface_with_knots ................................:      1
! SUMMARY-  cartesian_point ............................................:    295
! SUMMARY-  circle .....................................................:     35
! SUMMARY-  closed_shell ...............................................:      4
! SUMMARY-  conical_surface ............................................:      3
! SUMMARY-  conversion_based_unit_and_plane_angle_unit .................:      1
! SUMMARY-  cylindrical_surface ........................................:     10
! SUMMARY-  dimensional_exponents ......................................:      1
! SUMMARY-  direction ..................................................:    166
! SUMMARY-  draughting_model ...........................................:      1
! SUMMARY-  edge_curve .................................................:     72
! SUMMARY-  edge_loop ..................................................:     34
! SUMMARY-  face_bound .................................................:     34
! SUMMARY-  geometric_representation_context_and_global_uncertainty_a ..:      1
! SUMMARY-  length_unit_and_si_unit ....................................:      1
! SUMMARY-  line .......................................................:     36
! SUMMARY-  manifold_solid_brep ........................................:      4
! SUMMARY-  oriented_edge ..............................................:    144
! SUMMARY-  plane ......................................................:     15
! SUMMARY-  plane_angle_measure_with_unit ..............................:      1
! SUMMARY-  plane_angle_unit_and_si_unit ...............................:      1
! SUMMARY-  product ....................................................:      1
! SUMMARY-  product_context ............................................:      1
! SUMMARY-  product_definition .........................................:      1
! SUMMARY-  product_definition_context .................................:      1
! SUMMARY-  product_definition_formation_with_specified_source .........:      1
! SUMMARY-  product_definition_shape ...................................:      1
! SUMMARY-  product_related_product_category ...........................:      1
! SUMMARY-  si_unit_and_solid_angle_unit ...............................:      1
! SUMMARY-  toroidal_surface ...........................................:      1
! SUMMARY-  uncertainty_measure_with_unit ..............................:      1
! SUMMARY-  vector .....................................................:     36
! SUMMARY-  vertex_point ...............................................:     50
! SUMMARY-                                                               -------
! SUMMARY-  Total                                                           1053
! STATUS-    
! STATUS-   Converting to Output Form (Phase 2 of 3): 2-JUL-2021 1:49:37 PM
! STATUS-    
! STATUS-    
! STATUS-   Generating UG geometry and placing them in parts
! STATUS-    
! STATUS-   Creating the UG part (Phase 3 of 3): 2-JUL-2021  1:49:37 PM
! STATUS-    
! STATUS-   Creating UG solid body from Input Ent Id 483
! STATUS-    
! STATUS-   simplifying Bsplines to analytics
! STATUS-    
! STATUS-   converting tolerant edges into exact edges
! STATUS-    
! STATUS-   doing final check of body to report any faults
! STATUS-    
! STATUS-    
! STATUS-   Creating UG solid body from Input Ent Id 861
! STATUS-    
! STATUS-   fixing vertex and/or edge off surface faults
! STATUS-    
! STATUS-   simplifying Bsplines to analytics
! STATUS-    
! STATUS-   converting tolerant edges into exact edges
! STATUS-    
! STATUS-   doing final check of body to report any faults
! STATUS-    
! STATUS-    
! STATUS-   Creating UG solid body from Input Ent Id 994
! STATUS-    
! STATUS-   simplifying Bsplines to analytics
! STATUS-    
! STATUS-   converting tolerant edges into exact edges
! STATUS-    
! STATUS-   doing final check of body to report any faults
! STATUS-    
! STATUS-    
! STATUS-   Creating UG solid body from Input Ent Id 1068
! STATUS-    
! STATUS-   simplifying Bsplines to analytics
! STATUS-    
! STATUS-   converting tolerant edges into exact edges
! STATUS-    
! STATUS-   doing final check of body to report any faults
! STATUS-    
! INFO-     Filing Part ..: E:\Gsoc\02.07.2021\altavoz.prt
! SUMMARY-   
! SUMMARY-  Summary of Unigraphics Part Entities
! SUMMARY-   
! SUMMARY-  Entities Processed             Count
! SUMMARY-  ------------------             -----
! SUMMARY-  View ........................:     1
! SUMMARY-  Solid .......................:     4
! SUMMARY-                                 -----
! SUMMARY-  Total                              5
! INFO-      
! INFO-     Total number of solids input for this translation       :         4
! INFO-      
! INFO-     Number of solids created without body validation faults :         4
! INFO-      
! INFO-     Number of solids created with body validation fault(s)  :         0
! INFO-      
! INFO-     Number of solids ending up as sheet bodies              :         0
! INFO-      
! INFO-     End of Translation: 2-JUL-2021  1:49:42 PM
! INFO-      
STEP to UG
! INFO-     Renaming Log File to E:\Gsoc\02.07.2021\guarrilla.log
